2024-01-09 21:53:58,650:INFO:cpu_bound sync: 1.861 seconds [CPU Clock: 2592.0Hz, CPU Core: 12]
2024-01-09 21:54:01,762:INFO:io_bound sync: 3.112 seconds [CPU Clock: 2592.0Hz, CPU Core: 12]
2024-01-09 21:54:02,998:INFO:cpu_bound multi_processing: 1.235 seconds [CPU Clock: 2592.0Hz, CPU Core: 12]
2024-01-09 21:54:04,872:INFO:cpu_bound multi_threading: 1.847 seconds [CPU Clock: 2592.0Hz, CPU Core: 12]
2024-01-09 21:54:06,638:INFO:io_bound multi_processing: 1.765 seconds [CPU Clock: 2592.0Hz, CPU Core: 12]
2024-01-09 21:54:08,200:INFO:io_bound multi_threading: 1.535 seconds [CPU Clock: 2592.0Hz, CPU Core: 12]
2024-01-09 21:54:13,180:INFO:cpu_bound sync: 1.839 seconds [CPU Clock: 2592.0Hz, CPU Core: 12]
2024-01-09 21:54:16,268:INFO:io_bound sync: 3.088 seconds [CPU Clock: 2592.0Hz, CPU Core: 12]
2024-01-09 21:54:17,488:INFO:cpu_bound multi_processing: 1.219 seconds [CPU Clock: 2592.0Hz, CPU Core: 12]
2024-01-09 21:54:19,350:INFO:cpu_bound multi_threading: 1.834 seconds [CPU Clock: 2592.0Hz, CPU Core: 12]
2024-01-09 21:54:21,133:INFO:io_bound multi_processing: 1.782 seconds [CPU Clock: 2592.0Hz, CPU Core: 12]
2024-01-09 21:54:22,914:INFO:io_bound multi_threading: 1.754 seconds [CPU Clock: 2592.0Hz, CPU Core: 12]
2024-01-09 21:55:00,698:INFO:cpu_bound sync: 1.807 seconds [CPU Clock: 2592.0Hz, CPU Core: 12]
2024-01-09 21:55:03,815:INFO:io_bound sync: 3.116 seconds [CPU Clock: 2592.0Hz, CPU Core: 12]
2024-01-09 21:55:05,011:INFO:cpu_bound multi_processing: 1.195 seconds [CPU Clock: 2592.0Hz, CPU Core: 12]
2024-01-09 21:55:06,933:INFO:cpu_bound multi_threading: 1.895 seconds [CPU Clock: 2592.0Hz, CPU Core: 12]
2024-01-09 21:55:08,797:INFO:io_bound multi_processing: 1.864 seconds [CPU Clock: 2592.0Hz, CPU Core: 12]
2024-01-09 21:55:10,372:INFO:io_bound multi_threading: 1.548 seconds [CPU Clock: 2592.0Hz, CPU Core: 12]
2024-01-09 22:10:41,456:INFO:cpu_bound async_programming: 1.813 seconds [CPU Clock: 2592.0Hz, CPU Core: 12]
2024-01-09 22:10:42,300:INFO:io_bound async_programming: 0.844 seconds [CPU Clock: 2592.0Hz, CPU Core: 12]
2024-01-09 22:10:57,862:INFO:cpu_bound async_programming: 1.828 seconds [CPU Clock: 2592.0Hz, CPU Core: 12]
2024-01-09 22:10:58,800:INFO:io_bound async_programming: 0.938 seconds [CPU Clock: 2592.0Hz, CPU Core: 12]
2024-01-09 22:11:02,355:INFO:cpu_bound async_programming: 1.828 seconds [CPU Clock: 2592.0Hz, CPU Core: 12]
2024-01-09 22:11:03,482:INFO:io_bound async_programming: 1.125 seconds [CPU Clock: 2592.0Hz, CPU Core: 12]
2024-01-09 22:11:07,040:INFO:cpu_bound async_programming: 1.891 seconds [CPU Clock: 2592.0Hz, CPU Core: 12]
2024-01-09 22:11:07,861:INFO:io_bound async_programming: 0.812 seconds [CPU Clock: 2592.0Hz, CPU Core: 12]
2024-01-09 22:11:10,706:INFO:cpu_bound async_programming: 1.859 seconds [CPU Clock: 2592.0Hz, CPU Core: 12]
2024-01-09 22:11:11,661:INFO:io_bound async_programming: 0.953 seconds [CPU Clock: 2592.0Hz, CPU Core: 12]
2024-01-09 22:11:16,454:INFO:cpu_bound sync: 1.855 seconds [CPU Clock: 2592.0Hz, CPU Core: 12]
2024-01-09 22:11:19,635:INFO:io_bound sync: 3.181 seconds [CPU Clock: 2592.0Hz, CPU Core: 12]
2024-01-09 22:11:20,874:INFO:cpu_bound multi_processing: 1.237 seconds [CPU Clock: 2592.0Hz, CPU Core: 12]
2024-01-09 22:11:22,743:INFO:cpu_bound multi_threading: 1.841 seconds [CPU Clock: 2592.0Hz, CPU Core: 12]
2024-01-09 22:11:24,545:INFO:io_bound multi_processing: 1.801 seconds [CPU Clock: 2592.0Hz, CPU Core: 12]
2024-01-09 22:11:26,131:INFO:io_bound multi_threading: 1.556 seconds [CPU Clock: 2592.0Hz, CPU Core: 12]
2024-01-09 22:42:37,084:INFO:cpu_bound sync: 1.863 seconds [CPU Clock: 2592.0Hz, CPU Core: 12]
2024-01-09 22:42:40,737:INFO:io_bound sync: 3.653 seconds [CPU Clock: 2592.0Hz, CPU Core: 12]
2024-01-09 22:42:41,955:INFO:cpu_bound multi_processing: 1.217 seconds [CPU Clock: 2592.0Hz, CPU Core: 12]
2024-01-09 22:42:43,897:INFO:cpu_bound multi_threading: 1.914 seconds [CPU Clock: 2592.0Hz, CPU Core: 12]
2024-01-09 22:42:45,750:INFO:io_bound multi_processing: 1.852 seconds [CPU Clock: 2592.0Hz, CPU Core: 12]
2024-01-09 22:42:47,382:INFO:io_bound multi_threading: 1.605 seconds [CPU Clock: 2592.0Hz, CPU Core: 12]
